<?xml version="1.0" encoding="UTF-8"?>
<testsuite name="com.example.study.StudyApplicationTests" tests="1" skipped="0" failures="0" errors="0" timestamp="2024-08-12T10:00:40" hostname="DESKTOP-EA5D1FS" time="1.037">
  <properties/>
  <testcase name="contextLoads()" classname="com.example.study.StudyApplicationTests" time="1.037"/>
  <system-out><![CDATA[19:00:37.838 [Test worker] INFO org.springframework.test.context.support.AnnotationConfigContextLoaderUtils -- Could not detect default configuration classes for test class [com.example.study.StudyApplicationTests]: StudyApplicationTests does not declare any static, non-private, non-final, nested classes annotated with @Configuration.
19:00:38.008 [Test worker] INFO org.springframework.boot.test.context.SpringBootTestContextBootstrapper -- Found @SpringBootConfiguration com.example.study.StudyApplication for test class com.example.study.StudyApplicationTests

  .   ____          _            __ _ _
 /\\ / ___'_ __ _ _(_)_ __  __ _ \ \ \ \
( ( )\___ | '_ | '_| | '_ \/ _` | \ \ \ \
 \\/  ___)| |_)| | | | | || (_| |  ) ) ) )
  '  |____| .__|_| |_|_| |_\__, | / / / /
 =========|_|==============|___/=/_/_/_/

 :: Spring Boot ::                (v3.3.2)

2024-08-12T19:00:38.626+09:00  INFO 27352 --- [study] [    Test worker] c.example.study.StudyApplicationTests    : Starting StudyApplicationTests using Java 17.0.10 with PID 27352 (started by Administrator in C:\Users\Administrator\Desktop\study)
2024-08-12T19:00:38.628+09:00  INFO 27352 --- [study] [    Test worker] c.example.study.StudyApplicationTests    : No active profile set, falling back to 1 default profile: "default"
2024-08-12T19:00:40.191+09:00  INFO 27352 --- [study] [    Test worker] c.example.study.StudyApplicationTests    : Started StudyApplicationTests in 1.929 seconds (process running for 3.579)
메롱
]]></system-out>
  <system-err><![CDATA[]]></system-err>
</testsuite>
